  Moc'ing video_editor.h...
  Rcc'ing video_editor.qrc...
  Moc'ing ColorPickerDlg.h...
  Moc'ing CameraPreiview.h...
  Moc'ing shadow.h...
  Moc'ing spiningdlg.h...
  Moc'ing videolistwidget.h...
  Moc'ing trimbar.h...
  Moc'ing cxprogressdlg.h...
  Moc'ing dropdeletepane.h...
  Moc'ing imagebutton.h...
  CameraPreiview.cpp
  ColorPickerDlg.cpp
  common.cpp
  cxprogressdlg.cpp
  dropdeletepane.cpp
  moc_CameraPreiview.cpp
  moc_ColorPickerDlg.cpp
  moc_cxprogressdlg.cpp
  moc_dropdeletepane.cpp
  moc_imagebutton.cpp
  moc_shadow.cpp
  moc_spiningdlg.cpp
  moc_trimbar.cpp
  moc_videolistwidget.cpp
  moc_video_editor.cpp
  Global.cpp
  imagebutton.cpp
  main.cpp
  shadow.cpp
  spiningdlg.cpp
  Generating Code...
  Compiling...
  trimbar.cpp
  videoitem.cpp
  videolistwidget.cpp
  video_editor.cpp
  wavfile.cpp
  Generating Code...
  qrc_video_editor.cpp
  Video_Editor.vcxproj -> D:\Workshop\Jong\Work\2021\8\Tommy\reaction-video\x64\Debug\ReactVideo.exe
